<?xml version="1.0" encoding="UTF-8"?>
<testng-results ignored="0" total="2" passed="2" failed="0" skipped="0">
  <reporter-output>
  </reporter-output>
  <suite started-at="2020-06-29T10:30:46 IST" name="Default suite" finished-at="2020-06-29T10:31:33 IST" duration-ms="47233">
    <groups>
    </groups>
    <test started-at="2020-06-29T10:30:46 IST" name="Default test" finished-at="2020-06-29T10:31:33 IST" duration-ms="47233">
      <class name="com.training.sanity.tests.EditProfileTests">
        <test-method is-config="true" signature="setUpBeforeClass()[pri:0, instance:com.training.sanity.tests.EditProfileTests@7a4ccb53]" started-at="2020-06-29T10:30:46 IST" name="setUpBeforeClass" finished-at="2020-06-29T10:30:46 IST" duration-ms="15" status="PASS">
          <reporter-output>
          </reporter-output>
        </test-method> <!-- setUpBeforeClass -->
        <test-method is-config="true" signature="setUp()[pri:0, instance:com.training.sanity.tests.EditProfileTests@7a4ccb53]" started-at="2020-06-29T10:30:46 IST" name="setUp" finished-at="2020-06-29T10:30:57 IST" duration-ms="10934" status="PASS">
          <reporter-output>
          </reporter-output>
        </test-method> <!-- setUp -->
        <test-method signature="invalidEditProfileTest()[pri:0, instance:com.training.sanity.tests.EditProfileTests@7a4ccb53]" started-at="2020-06-29T10:30:57 IST" name="invalidEditProfileTest" finished-at="2020-06-29T10:31:07 IST" duration-ms="10095" status="PASS">
          <reporter-output>
          </reporter-output>
        </test-method> <!-- invalidEditProfileTest -->
        <test-method is-config="true" signature="tearDown()[pri:0, instance:com.training.sanity.tests.EditProfileTests@7a4ccb53]" started-at="2020-06-29T10:31:07 IST" name="tearDown" finished-at="2020-06-29T10:31:09 IST" duration-ms="1854" status="PASS">
          <reporter-output>
          </reporter-output>
        </test-method> <!-- tearDown -->
        <test-method is-config="true" signature="setUp()[pri:0, instance:com.training.sanity.tests.EditProfileTests@7a4ccb53]" started-at="2020-06-29T10:31:09 IST" name="setUp" finished-at="2020-06-29T10:31:19 IST" duration-ms="10203" status="PASS">
          <reporter-output>
          </reporter-output>
        </test-method> <!-- setUp -->
        <test-method signature="validEditProfileTest()[pri:0, instance:com.training.sanity.tests.EditProfileTests@7a4ccb53]" started-at="2020-06-29T10:31:19 IST" name="validEditProfileTest" finished-at="2020-06-29T10:31:31 IST" duration-ms="12143" status="PASS">
          <reporter-output>
          </reporter-output>
        </test-method> <!-- validEditProfileTest -->
        <test-method is-config="true" signature="tearDown()[pri:0, instance:com.training.sanity.tests.EditProfileTests@7a4ccb53]" started-at="2020-06-29T10:31:31 IST" name="tearDown" finished-at="2020-06-29T10:31:33 IST" duration-ms="1925" status="PASS">
          <reporter-output>
          </reporter-output>
        </test-method> <!-- tearDown -->
      </class> <!-- com.training.sanity.tests.EditProfileTests -->
    </test> <!-- Default test -->
  </suite> <!-- Default suite -->
</testng-results>
