<?xml version="1.0" encoding="UTF-8"?>
<testng-results ignored="0" total="1" passed="1" failed="0" skipped="0">
  <reporter-output>
  </reporter-output>
  <suite started-at="2020-07-11T23:12:53 IST" name="Default suite" finished-at="2020-07-11T23:14:02 IST" duration-ms="69151">
    <groups>
    </groups>
    <test started-at="2020-07-11T23:12:53 IST" name="Default test" finished-at="2020-07-11T23:14:02 IST" duration-ms="69151">
      <class name="com.training.sanity.tests.RegisterCourseTests">
        <test-method is-config="true" signature="setUpBeforeClass()[pri:0, instance:com.training.sanity.tests.RegisterCourseTests@33afa13b]" started-at="2020-07-11T23:12:53 IST" name="setUpBeforeClass" finished-at="2020-07-11T23:12:53 IST" duration-ms="21" status="PASS">
          <reporter-output>
          </reporter-output>
        </test-method> <!-- setUpBeforeClass -->
        <test-method is-config="true" signature="setUp()[pri:0, instance:com.training.sanity.tests.RegisterCourseTests@33afa13b]" started-at="2020-07-11T23:12:53 IST" name="setUp" finished-at="2020-07-11T23:13:05 IST" duration-ms="11906" status="PASS">
          <reporter-output>
          </reporter-output>
        </test-method> <!-- setUp -->
        <test-method signature="validCreateCourseTest()[pri:0, instance:com.training.sanity.tests.RegisterCourseTests@33afa13b]" started-at="2020-07-11T23:13:05 IST" name="validCreateCourseTest" finished-at="2020-07-11T23:14:01 IST" duration-ms="56156" status="PASS">
          <reporter-output>
          </reporter-output>
        </test-method> <!-- validCreateCourseTest -->
        <test-method is-config="true" signature="tearDown()[pri:0, instance:com.training.sanity.tests.RegisterCourseTests@33afa13b]" started-at="2020-07-11T23:14:01 IST" name="tearDown" finished-at="2020-07-11T23:14:02 IST" duration-ms="1001" status="PASS">
          <reporter-output>
          </reporter-output>
        </test-method> <!-- tearDown -->
      </class> <!-- com.training.sanity.tests.RegisterCourseTests -->
    </test> <!-- Default test -->
  </suite> <!-- Default suite -->
</testng-results>
