<?xml version="1.0" encoding="UTF-8"?>
<!-- Generated by org.testng.reporters.JUnitXMLReporter -->
<testsuite ignored="0" hostname="DESKTOP-D912IVQ" failures="0" tests="2" name="Default test" time="47.233" errors="0" timestamp="2020-06-29T10:31:33 IST">
  <testcase classname="com.training.sanity.tests.EditProfileTests" name="invalidEditProfileTest" time="10.095"/>
  <testcase classname="com.training.sanity.tests.EditProfileTests" name="validEditProfileTest" time="12.143"/>
</testsuite> <!-- Default test -->
